0 info it worked if it ends with ok
1 verbose cli [ 'C:\\Program Files\\nodejs\\node.exe',
1 verbose cli   'C:\\Program Files\\nodejs\\node_modules\\npm\\bin\\npm-cli.js',
1 verbose cli   'publish' ]
2 info using npm@3.8.9
3 info using node@v6.2.0
4 verbose publish [ '.' ]
5 silly cache add args [ '.', null ]
6 verbose cache add spec .
7 silly cache add parsed spec Result {
7 silly cache add   raw: '.',
7 silly cache add   scope: null,
7 silly cache add   name: null,
7 silly cache add   rawSpec: '.',
7 silly cache add   spec: 'E:\\Documents\\Web Projects\\node-dota-api',
7 silly cache add   type: 'directory' }
8 verbose addLocalDirectory C:\Users\ammue\AppData\Roaming\npm-cache\node-dota-api\0.2.2\package.tgz not in flight; packing
9 verbose correctMkdir C:\Users\ammue\AppData\Roaming\npm-cache correctMkdir not in flight; initializing
10 info lifecycle node-dota-api@0.2.2~prepublish: node-dota-api@0.2.2
11 silly lifecycle node-dota-api@0.2.2~prepublish: no script for prepublish, continuing
12 verbose tar pack [ 'C:\\Users\\ammue\\AppData\\Roaming\\npm-cache\\node-dota-api\\0.2.2\\package.tgz',
12 verbose tar pack   'E:\\Documents\\Web Projects\\node-dota-api' ]
13 verbose tarball C:\Users\ammue\AppData\Roaming\npm-cache\node-dota-api\0.2.2\package.tgz
14 verbose folder E:\Documents\Web Projects\node-dota-api
15 verbose addLocalTarball adding from inside cache C:\Users\ammue\AppData\Roaming\npm-cache\node-dota-api\0.2.2\package.tgz
16 verbose correctMkdir C:\Users\ammue\AppData\Roaming\npm-cache correctMkdir not in flight; initializing
17 silly cache afterAdd node-dota-api@0.2.2
18 verbose afterAdd C:\Users\ammue\AppData\Roaming\npm-cache\node-dota-api\0.2.2\package\package.json not in flight; writing
19 verbose correctMkdir C:\Users\ammue\AppData\Roaming\npm-cache correctMkdir not in flight; initializing
20 verbose afterAdd C:\Users\ammue\AppData\Roaming\npm-cache\node-dota-api\0.2.2\package\package.json written
21 silly publish { name: 'node-dota-api',
21 silly publish   version: '0.2.2',
21 silly publish   description: 'A node-based API to get Dota stats for players, heroes, matches, and more!',
21 silly publish   main: './dotaPlayerApi.js',
21 silly publish   author: { name: 'Alex Muench' },
21 silly publish   dependencies: { cheerio: 'latest', moment: '^2.13.0', request: 'latest' },
21 silly publish   scripts: {},
21 silly publish   devDependencies: {},
21 silly publish   repository:
21 silly publish    { type: 'git',
21 silly publish      url: 'git+https://github.com/ammuench/node-dota-api.git' },
21 silly publish   keywords:
21 silly publish    [ 'dota',
21 silly publish      'dota2',
21 silly publish      'MMR',
21 silly publish      'steam',
21 silly publish      'valve',
21 silly publish      'moba',
21 silly publish      'dotabuff',
21 silly publish      'yasp' ],
21 silly publish   license: 'MIT',
21 silly publish   bugs: { url: 'https://github.com/ammuench/node-dota-api/issues' },
21 silly publish   homepage: 'https://github.com/ammuench/node-dota-api',
21 silly publish   readme: '# node-dota-api\r\nAPI to fetch Dota stats for players, heroes, matches, and more!\r\n\r\n## What\'s New? ##\r\n    v0.2.3\r\n    -Quick hotfix for a 0.2.2 issue\r\n\r\n\tv 0.2.2\r\n\t-Added check for invalid user\r\n\t-whenPlayed now returns a formatted date string\r\n\t-kda added to recent match objects\r\n\r\n\tv 0.2.1\r\n\t-Added match history to playerStats object\r\n\r\n    v 0.2\r\n    -Stripped out all the express jargon from 0.1\r\n    -Flushed out full playerStats service\r\n\r\n## Installation ##\r\n------\r\nYou can manually install this by cloning this github repo\r\n```bash\r\nhttps://github.com/ammuench/node-dota-api.git\r\n```\r\nthen running \r\n```bash\r\nnpm install\r\n```\r\nfrom within the project folder.\r\n\r\nYou can install through NPM by running\r\n```bash\r\nnpm install node-dota-api\r\n```\r\n\r\n## API ##\r\n------\r\n##### nodeDotaApi.playerStats(*playerID*, *callback*)\r\nTakes a PlayerID value as a string or integer, passes back a playerInfo JSON object through the callback with the following format:\r\n```json\r\n{\r\n    status: "",\r\n    soloMMR: "",\r\n    partyMMR: "",\r\n    estMMR: "",\r\n    name: "",\r\n    winLoss: {\r\n        wins: "",\r\n        losses: "",\r\n        winrate: ""\r\n    },\r\n    mostPlayed: [\r\n\t\t{\r\n            hero: "",\r\n            games: "",\r\n            winrate: ""\r\n        }\r\n    ],\r\n    recentGames: [\r\n\t\t{\r\n\t\t    matchID: "",\r\n\t\t    hero: "",\r\n\t\t    outcome: "",\r\n\t\t    whenPlayed: "",\r\n\t\t    skillLevel: "",\r\n\t\t    kda: ""\r\n\t\t}\r\n    ],\r\n    profileURL: ""\r\n};\r\n```\r\n\r\nIf there an invalid user is passed in, status will return as "Invalid User".  If it is a server error, status will return as "Error".\r\n\r\n\r\n## What\'s Planned ##\r\n-----\r\nRight now the api is being built out as we use it for some other projects, but some current future features include:\r\n\r\n* Looking up additional Player Info, like player trends or activity\r\n* Looking up hero and item info\r\n* Looking up Dota Team info\r\n\r\n\r\n## License ##\r\n-----\r\n(The MIT License)\r\n\r\nCopyright (c) 2016 Alex Muench <ammuench@gmail.com>\r\n\r\nPermission is hereby granted, free of charge, to any person obtaining a copy of this software and associated documentation files (the \'Software\'), to deal in the Software without restriction, including without limitation the rights to use, copy, modify, merge, publish, distribute, sublicense, and/or sell copies of the Software, and to permit persons to whom the Software is furnished to do so, subject to the following conditions:\r\n\r\nThe above copyright notice and this permission notice shall be included in all copies or substantial portions of the Software.\r\n\r\nTHE SOFTWARE IS PROVIDED \'AS IS\', WITHOUT WARRANTY OF ANY KIND, EXPRESS OR IMPLIED, INCLUDING BUT NOT LIMITED TO THE WARRANTIES OF MERCHANTABILITY, FITNESS FOR A PARTICULAR PURPOSE AND NONINFRINGEMENT. IN NO EVENT SHALL THE AUTHORS OR COPYRIGHT HOLDERS BE LIABLE FOR ANY CLAIM, DAMAGES OR OTHER LIABILITY, WHETHER IN AN ACTION OF CONTRACT, TORT OR OTHERWISE, ARISING FROM, OUT OF OR IN CONNECTION WITH THE SOFTWARE OR THE USE OR OTHER DEALINGS IN THE SOFTWARE.\r\n\r\n## Special Thanks ##\r\n\r\nShoutout to the guys at [Yasp.co](http://yasp.co), they do great work, and they\'re the reason this API works.  Go donate some cheese to help keep their systems running!\r\n\r\nMany thanks to Carney for answer myriads of questions when I\'m having issues\r\n\r\nMuch love to Elizabeth for wanting me to win at my code <3\r\n\r\n',
21 silly publish   readmeFilename: 'README.md',
21 silly publish   gitHead: '4c9856d167ed112120add8f4a0ee6e8bf40d103b',
21 silly publish   _id: 'node-dota-api@0.2.2',
21 silly publish   _shasum: '6a10aa373e684972cc0bc0c0d44b6a7c592e86ab',
21 silly publish   _from: '.' }
22 verbose getPublishConfig undefined
23 silly mapToRegistry name node-dota-api
24 silly mapToRegistry using default registry
25 silly mapToRegistry registry https://registry.npmjs.org/
26 silly mapToRegistry data Result {
26 silly mapToRegistry   raw: 'node-dota-api',
26 silly mapToRegistry   scope: null,
26 silly mapToRegistry   name: 'node-dota-api',
26 silly mapToRegistry   rawSpec: '',
26 silly mapToRegistry   spec: 'latest',
26 silly mapToRegistry   type: 'tag' }
27 silly mapToRegistry uri https://registry.npmjs.org/node-dota-api
28 verbose publish registryBase https://registry.npmjs.org/
29 silly publish uploading C:\Users\ammue\AppData\Roaming\npm-cache\node-dota-api\0.2.2\package.tgz
30 verbose request uri https://registry.npmjs.org/node-dota-api
31 verbose request sending authorization for write operation
32 info attempt registry request try #1 at 6:56:56 PM
33 verbose request using bearer token for auth
34 verbose request id 0d31d99faf3c62a3
35 http request PUT https://registry.npmjs.org/node-dota-api
36 http 403 https://registry.npmjs.org/node-dota-api
37 verbose headers { 'content-type': 'application/json',
37 verbose headers   'cache-control': 'max-age=300',
37 verbose headers   'content-length': '95',
37 verbose headers   'accept-ranges': 'bytes',
37 verbose headers   date: 'Thu, 26 May 2016 23:56:58 GMT',
37 verbose headers   via: '1.1 varnish',
37 verbose headers   connection: 'keep-alive',
37 verbose headers   'x-served-by': 'cache-ord1745-ORD',
37 verbose headers   'x-cache': 'MISS',
37 verbose headers   'x-cache-hits': '0',
37 verbose headers   'x-timer': 'S1464307018.003705,VS0,VE609',
37 verbose headers   vary: 'Accept-Encoding' }
38 verbose request invalidating C:\Users\ammue\AppData\Roaming\npm-cache\registry.npmjs.org\node-dota-api on PUT
39 error publish Failed PUT 403
40 verbose stack Error: "You cannot publish over the previously published version 0.2.2." : node-dota-api
40 verbose stack     at makeError (C:\Program Files\nodejs\node_modules\npm\node_modules\npm-registry-client\lib\request.js:264:12)
40 verbose stack     at CachingRegistryClient.<anonymous> (C:\Program Files\nodejs\node_modules\npm\node_modules\npm-registry-client\lib\request.js:252:14)
40 verbose stack     at Request._callback (C:\Program Files\nodejs\node_modules\npm\node_modules\npm-registry-client\lib\request.js:172:14)
40 verbose stack     at Request.self.callback (C:\Program Files\nodejs\node_modules\npm\node_modules\request\request.js:200:22)
40 verbose stack     at emitTwo (events.js:106:13)
40 verbose stack     at Request.emit (events.js:191:7)
40 verbose stack     at Request.<anonymous> (C:\Program Files\nodejs\node_modules\npm\node_modules\request\request.js:1067:10)
40 verbose stack     at emitOne (events.js:101:20)
40 verbose stack     at Request.emit (events.js:188:7)
40 verbose stack     at IncomingMessage.<anonymous> (C:\Program Files\nodejs\node_modules\npm\node_modules\request\request.js:988:12)
41 verbose statusCode 403
42 verbose pkgid node-dota-api
43 verbose cwd E:\Documents\Web Projects\node-dota-api
44 error Windows_NT 10.0.10586
45 error argv "C:\\Program Files\\nodejs\\node.exe" "C:\\Program Files\\nodejs\\node_modules\\npm\\bin\\npm-cli.js" "publish"
46 error node v6.2.0
47 error npm  v3.8.9
48 error code E403
49 error "You cannot publish over the previously published version 0.2.2." : node-dota-api
50 error If you need help, you may report this error at:
50 error     <https://github.com/npm/npm/issues>
51 verbose exit [ 1, true ]
